[
  {
    "level": "INFO",
    "message": "Start JSON generation. Platform version: 16 min SDK version: arm64-v8a"
  },
  {
    "level": "INFO",
    "message": "rebuilding JSON C:\\Users\\Midhun\\Documents\\Flutter Git projects\\flutter_ffi_example-master\\android\\app\\.cxx\\cmake\\release\\arm64-v8a\\android_gradle_build.json due to:"
  },
  {
    "level": "INFO",
    "message": "- expected json C:\\Users\\Midhun\\Documents\\Flutter Git projects\\flutter_ffi_example-master\\android\\app\\.cxx\\cmake\\release\\arm64-v8a\\android_gradle_build.json file is not present, will remove stale json folder"
  },
  {
    "level": "INFO",
    "message": "- missing previous command file C:\\Users\\Midhun\\Documents\\Flutter Git projects\\flutter_ffi_example-master\\android\\app\\.cxx\\cmake\\release\\arm64-v8a\\build_command.txt, will remove stale json folder"
  },
  {
    "level": "INFO",
    "message": "- command changed from previous, will remove stale json folder"
  },
  {
    "level": "INFO",
    "message": "removing stale contents from \u0027C:\\Users\\Midhun\\Documents\\Flutter Git projects\\flutter_ffi_example-master\\android\\app\\.cxx\\cmake\\release\\arm64-v8a\u0027"
  },
  {
    "level": "INFO",
    "message": "created folder \u0027C:\\Users\\Midhun\\Documents\\Flutter Git projects\\flutter_ffi_example-master\\android\\app\\.cxx\\cmake\\release\\arm64-v8a\u0027"
  },
  {
    "level": "INFO",
    "message": "executing cmake Executable : C:\\Users\\Midhun\\AppData\\Local\\Android\\sdk\\cmake\\3.6.4111459\\bin\\cmake.exe\narguments : \n-HC:\\Users\\Midhun\\Documents\\Flutter Git projects\\flutter_ffi_example-master\\android\n-BC:\\Users\\Midhun\\Documents\\Flutter Git projects\\flutter_ffi_example-master\\android\\app\\.cxx\\cmake\\release\\arm64-v8a\n-DANDROID_ABI\u003darm64-v8a\n-DANDROID_PLATFORM\u003dandroid-16\n-DCMAKE_LIBRARY_OUTPUT_DIRECTORY\u003dC:\\Users\\Midhun\\Documents\\Flutter Git projects\\flutter_ffi_example-master\\build\\app\\intermediates\\cmake\\release\\obj\\arm64-v8a\n-DCMAKE_BUILD_TYPE\u003dRelease\n-DANDROID_NDK\u003dC:\\Users\\Midhun\\AppData\\Local\\Android\\Sdk\\ndk\\22.1.7171670\n-DCMAKE_TOOLCHAIN_FILE\u003dC:\\Users\\Midhun\\AppData\\Local\\Android\\Sdk\\ndk\\22.1.7171670\\build\\cmake\\android.toolchain.cmake\n-DCMAKE_MAKE_PROGRAM\u003dC:\\Users\\Midhun\\AppData\\Local\\Android\\sdk\\cmake\\3.6.4111459\\bin\\ninja.exe\n-GAndroid Gradle - Ninja\njvmArgs : \n\n"
  },
  {
    "level": "INFO",
    "message": "Executable : C:\\Users\\Midhun\\AppData\\Local\\Android\\sdk\\cmake\\3.6.4111459\\bin\\cmake.exe\narguments : \n-HC:\\Users\\Midhun\\Documents\\Flutter Git projects\\flutter_ffi_example-master\\android\n-BC:\\Users\\Midhun\\Documents\\Flutter Git projects\\flutter_ffi_example-master\\android\\app\\.cxx\\cmake\\release\\arm64-v8a\n-DANDROID_ABI\u003darm64-v8a\n-DANDROID_PLATFORM\u003dandroid-16\n-DCMAKE_LIBRARY_OUTPUT_DIRECTORY\u003dC:\\Users\\Midhun\\Documents\\Flutter Git projects\\flutter_ffi_example-master\\build\\app\\intermediates\\cmake\\release\\obj\\arm64-v8a\n-DCMAKE_BUILD_TYPE\u003dRelease\n-DANDROID_NDK\u003dC:\\Users\\Midhun\\AppData\\Local\\Android\\Sdk\\ndk\\22.1.7171670\n-DCMAKE_TOOLCHAIN_FILE\u003dC:\\Users\\Midhun\\AppData\\Local\\Android\\Sdk\\ndk\\22.1.7171670\\build\\cmake\\android.toolchain.cmake\n-DCMAKE_MAKE_PROGRAM\u003dC:\\Users\\Midhun\\AppData\\Local\\Android\\sdk\\cmake\\3.6.4111459\\bin\\ninja.exe\n-GAndroid Gradle - Ninja\njvmArgs : \n\n"
  },
  {
    "level": "INFO",
    "message": "JSON generation completed with problem. Exception: Build command failed.\nError while executing process C:\\Users\\Midhun\\AppData\\Local\\Android\\sdk\\cmake\\3.6.4111459\\bin\\cmake.exe with arguments {-HC:\\Users\\Midhun\\Documents\\Flutter Git projects\\flutter_ffi_example-master\\android -BC:\\Users\\Midhun\\Documents\\Flutter Git projects\\flutter_ffi_example-master\\android\\app\\.cxx\\cmake\\release\\arm64-v8a -DANDROID_ABI\u003darm64-v8a -DANDROID_PLATFORM\u003dandroid-16 -DCMAKE_LIBRARY_OUTPUT_DIRECTORY\u003dC:\\Users\\Midhun\\Documents\\Flutter Git projects\\flutter_ffi_example-master\\build\\app\\intermediates\\cmake\\release\\obj\\arm64-v8a -DCMAKE_BUILD_TYPE\u003dRelease -DANDROID_NDK\u003dC:\\Users\\Midhun\\AppData\\Local\\Android\\Sdk\\ndk\\22.1.7171670 -DCMAKE_TOOLCHAIN_FILE\u003dC:\\Users\\Midhun\\AppData\\Local\\Android\\Sdk\\ndk\\22.1.7171670\\build\\cmake\\android.toolchain.cmake -DCMAKE_MAKE_PROGRAM\u003dC:\\Users\\Midhun\\AppData\\Local\\Android\\sdk\\cmake\\3.6.4111459\\bin\\ninja.exe -GAndroid Gradle - Ninja}\n-- Check for working C compiler: C:/Users/Midhun/AppData/Local/Android/Sdk/ndk/22.1.7171670/toolchains/llvm/prebuilt/windows-x86_64/bin/clang.exe\n-- Check for working C compiler: C:/Users/Midhun/AppData/Local/Android/Sdk/ndk/22.1.7171670/toolchains/llvm/prebuilt/windows-x86_64/bin/clang.exe -- broken\n-- Configuring incomplete, errors occurred!\nSee also \"C:/Users/Midhun/Documents/Flutter Git projects/flutter_ffi_example-master/android/app/.cxx/cmake/release/arm64-v8a/CMakeFiles/CMakeOutput.log\".\nSee also \"C:/Users/Midhun/Documents/Flutter Git projects/flutter_ffi_example-master/android/app/.cxx/cmake/release/arm64-v8a/CMakeFiles/CMakeError.log\".\n\nCMake Warning at C:/Users/Midhun/AppData/Local/Android/Sdk/ndk/22.1.7171670/build/cmake/android.toolchain.cmake:449 (message):\n  An old version of CMake is being used that cannot automatically detect\n  compiler attributes.  Compiler identification is being bypassed.  Some\n  values may be wrong or missing.  Update to CMake 3.19 or newer to use\n  CMake\u0027s built-in compiler identification.\nCall Stack (most recent call first):\n  C:/Users/Midhun/AppData/Local/Android/Sdk/cmake/3.6.4111459/share/cmake-3.6/Modules/CMakeDetermineSystem.cmake:98 (include)\n  CMakeLists.txt\n\n\nCMake Warning at C:/Users/Midhun/AppData/Local/Android/Sdk/ndk/22.1.7171670/build/cmake/android.toolchain.cmake:449 (message):\n  An old version of CMake is being used that cannot automatically detect\n  compiler attributes.  Compiler identification is being bypassed.  Some\n  values may be wrong or missing.  Update to CMake 3.19 or newer to use\n  CMake\u0027s built-in compiler identification.\nCall Stack (most recent call first):\n  C:/Users/Midhun/Documents/Flutter Git projects/flutter_ffi_example-master/android/app/.cxx/cmake/release/arm64-v8a/CMakeFiles/3.6.0-rc2/CMakeSystem.cmake:6 (include)\n  C:/Users/Midhun/Documents/Flutter Git projects/flutter_ffi_example-master/android/app/.cxx/cmake/release/arm64-v8a/CMakeFiles/CMakeTmp/CMakeLists.txt:2 (project)\n\n\nCMake Error at C:/Users/Midhun/AppData/Local/Android/Sdk/cmake/3.6.4111459/share/cmake-3.6/Modules/CMakeTestCCompiler.cmake:61 (message):\n  The C compiler\n  \"C:/Users/Midhun/AppData/Local/Android/Sdk/ndk/22.1.7171670/toolchains/llvm/prebuilt/windows-x86_64/bin/clang.exe\"\n  is not able to compile a simple test program.\n\n  It fails with the following output:\n\n   Change Dir: C:/Users/Midhun/Documents/Flutter Git projects/flutter_ffi_example-master/android/app/.cxx/cmake/release/arm64-v8a/CMakeFiles/CMakeTmp\n\n  \n\n  Run Build\n  Command:\"C:\\Users\\Midhun\\AppData\\Local\\Android\\sdk\\cmake\\3.6.4111459\\bin\\ninja.exe\"\n  \"cmTC_611cf\"\n\n  [1/2] Building C object CMakeFiles/cmTC_611cf.dir/testCCompiler.c.o\n\n\n  [2/2] Linking C executable cmTC_611cf\n\n\n  FAILED: cmd.exe /C \"cd .  \u0026\u0026\n  C:\\Users\\Midhun\\AppData\\Local\\Android\\Sdk\\ndk\\22.1.7171670\\toolchains\\llvm\\prebuilt\\windows-x86_64\\bin\\clang.exe\n  --target\u003daarch64-none-linux-android21\n  --gcc-toolchain\u003dC:/Users/Midhun/AppData/Local/Android/Sdk/ndk/22.1.7171670/toolchains/llvm/prebuilt/windows-x86_64\n  --sysroot\u003dC:/Users/Midhun/AppData/Local/Android/Sdk/ndk/22.1.7171670/toolchains/llvm/prebuilt/windows-x86_64/sysroot\n  -g -DANDROID -fdata-sections -ffunction-sections -funwind-tables\n  -fstack-protector-strong -no-canonical-prefixes -D_FORTIFY_SOURCE\u003d2\n  -Wformat -Werror\u003dformat-security -Wl,--exclude-libs,libgcc.a\n  -Wl,--exclude-libs,libgcc_real.a -Wl,--exclude-libs,libatomic.a\n  -static-libstdc++ -Wl,--build-id\u003dsha1 -Wl,--no-rosegment\n  -Wl,--fatal-warnings -Wl,--no-undefined -Qunused-arguments\n  -Wl,--gc-sections CMakeFiles/cmTC_611cf.dir/testCCompiler.c.o -o cmTC_611cf\n  -latomic -lm \u0026\u0026 cd .\"\n\n\n  C:\\MinGW\\bin\\ld.exe: unrecognised emulation mode: aarch64linux\n\n\n\n  Supported emulations: i386pe\n\n\n\n  clang: error: linker command failed with exit code 1 (use -v to see\n  invocation)\n\n\n\n  ninja: build stopped: subcommand failed.\n\n\n  \n\n  \n\n  CMake will not be able to correctly generate this project.\nCall Stack (most recent call first):\n  CMakeLists.txt\n\n\n"
  }
]